# JRE version: OpenJDK Runtime Environment (8.0_242-b01) (build 1.8.0_242-release-1644-b01)
# Java VM: OpenJDK 64-Bit Server VM (25.242-b01 mixed mode windows-amd64 compressed oops)
Heap:
 PSYoungGen      total 140800K, used 53927K [0x00000000e0000000, 0x00000000e9400000, 0x0000000100000000)
  eden space 130560K, 33% used [0x00000000e0000000,0x00000000e2aadad0,0x00000000e7f80000)
  from space 10240K, 99% used [0x00000000e7f80000,0x00000000e897c238,0x00000000e8980000)
  to   space 9728K, 0% used [0x00000000e8980000,0x00000000e8980000,0x00000000e9300000)
 ParOldGen       total 62976K, used 25441K [0x00000000a0000000, 0x00000000a3d80000, 0x00000000e0000000)
  object space 62976K, 40% used [0x00000000a0000000,0x00000000a18d8798,0x00000000a3d80000)
 Metaspace       used 46311K, capacity 47722K, committed 47832K, reserved 1091584K
  class space    used 6241K, capacity 6654K, committed 6656K, reserved 1048576K
GC Heap History (10 events):
Event: 10.853 GC heap before
{Heap before GC invocations=7 (full 1):
 PSYoungGen      total 140288K, used 6639K [0x00000000e0000000, 0x00000000e9400000, 0x0000000100000000)
  eden space 130560K, 0% used [0x00000000e0000000,0x00000000e0000000,0x00000000e7f80000)
  from space 9728K, 68% used [0x00000000e8980000,0x00000000e8ffbe10,0x00000000e9300000)
  to   space 10240K, 0% used [0x00000000e7f80000,0x00000000e7f80000,0x00000000e8980000)
 ParOldGen       total 44032K, used 11792K [0x00000000a0000000, 0x00000000a2b00000, 0x00000000e0000000)
  object space 44032K, 26% used [0x00000000a0000000,0x00000000a0b84010,0x00000000a2b00000)
 Metaspace       used 20688K, capacity 21014K, committed 21248K, reserved 1067008K
  class space    used 2911K, capacity 3049K, committed 3072K, reserved 1048576K
Event: 10.926 GC heap after
Heap after GC invocations=7 (full 1):
 PSYoungGen      total 140288K, used 0K [0x00000000e0000000, 0x00000000e9400000, 0x0000000100000000)
  eden space 130560K, 0% used [0x00000000e0000000,0x00000000e0000000,0x00000000e7f80000)
  from space 9728K, 0% used [0x00000000e8980000,0x00000000e8980000,0x00000000e9300000)
  to   space 10240K, 0% used [0x00000000e7f80000,0x00000000e7f80000,0x00000000e8980000)
 ParOldGen       total 45568K, used 16406K [0x00000000a0000000, 0x00000000a2c80000, 0x00000000e0000000)
  object space 45568K, 36% used [0x00000000a0000000,0x00000000a1005810,0x00000000a2c80000)
 Metaspace       used 20688K, capacity 21014K, committed 21248K, reserved 1067008K
  class space    used 2911K, capacity 3049K, committed 3072K, reserved 1048576K
}
Event: 16.122 GC heap before
{Heap before GC invocations=8 (full 1):
 PSYoungGen      total 140288K, used 130560K [0x00000000e0000000, 0x00000000e9400000, 0x0000000100000000)
  eden space 130560K, 100% used [0x00000000e0000000,0x00000000e7f80000,0x00000000e7f80000)
  from space 9728K, 0% used [0x00000000e8980000,0x00000000e8980000,0x00000000e9300000)
  to   space 10240K, 0% used [0x00000000e7f80000,0x00000000e7f80000,0x00000000e8980000)
 ParOldGen       total 45568K, used 16406K [0x00000000a0000000, 0x00000000a2c80000, 0x00000000e0000000)
  object space 45568K, 36% used [0x00000000a0000000,0x00000000a1005810,0x00000000a2c80000)
 Metaspace       used 31124K, capacity 31662K, committed 31872K, reserved 1077248K
  class space    used 4245K, capacity 4413K, committed 4480K, reserved 1048576K
Event: 16.148 GC heap after
Heap after GC invocations=8 (full 1):
 PSYoungGen      total 140800K, used 10230K [0x00000000e0000000, 0x00000000e9400000, 0x0000000100000000)
  eden space 130560K, 0% used [0x00000000e0000000,0x00000000e0000000,0x00000000e7f80000)
  from space 10240K, 99% used [0x00000000e7f80000,0x00000000e897d8a8,0x00000000e8980000)
  to   space 9728K, 0% used [0x00000000e8980000,0x00000000e8980000,0x00000000e9300000)
 ParOldGen       total 45568K, used 18853K [0x00000000a0000000, 0x00000000a2c80000, 0x00000000e0000000)
  object space 45568K, 41% used [0x00000000a0000000,0x00000000a12696e8,0x00000000a2c80000)
 Metaspace       used 31124K, capacity 31662K, committed 31872K, reserved 1077248K
  class space    used 4245K, capacity 4413K, committed 4480K, reserved 1048576K
}
Event: 18.778 GC heap before
{Heap before GC invocations=9 (full 1):
 PSYoungGen      total 140800K, used 86378K [0x00000000e0000000, 0x00000000e9400000, 0x0000000100000000)
  eden space 130560K, 58% used [0x00000000e0000000,0x00000000e4a5d058,0x00000000e7f80000)
  from space 10240K, 99% used [0x00000000e7f80000,0x00000000e897d8a8,0x00000000e8980000)
  to   space 9728K, 0% used [0x00000000e8980000,0x00000000e8980000,0x00000000e9300000)
 ParOldGen       total 45568K, used 18853K [0x00000000a0000000, 0x00000000a2c80000, 0x00000000e0000000)
  object space 45568K, 41% used [0x00000000a0000000,0x00000000a12696e8,0x00000000a2c80000)
 Metaspace       used 34517K, capacity 35394K, committed 35416K, reserved 1079296K
  class space    used 4733K, capacity 4978K, committed 4992K, reserved 1048576K
Event: 18.799 GC heap after
Heap after GC invocations=9 (full 1):
 PSYoungGen      total 140288K, used 9703K [0x00000000e0000000, 0x00000000e9400000, 0x0000000100000000)
  eden space 130560K, 0% used [0x00000000e0000000,0x00000000e0000000,0x00000000e7f80000)
  from space 9728K, 99% used [0x00000000e8980000,0x00000000e92f9de0,0x00000000e9300000)
  to   space 10240K, 0% used [0x00000000e7f80000,0x00000000e7f80000,0x00000000e8980000)
 ParOldGen       total 45568K, used 22163K [0x00000000a0000000, 0x00000000a2c80000, 0x00000000e0000000)
  object space 45568K, 48% used [0x00000000a0000000,0x00000000a15a4da8,0x00000000a2c80000)
 Metaspace       used 34517K, capacity 35394K, committed 35416K, reserved 1079296K
  class space    used 4733K, capacity 4978K, committed 4992K, reserved 1048576K
}
Event: 18.800 GC heap before
{Heap before GC invocations=10 (full 2):
 PSYoungGen      total 140288K, used 9703K [0x00000000e0000000, 0x00000000e9400000, 0x0000000100000000)
  eden space 130560K, 0% used [0x00000000e0000000,0x00000000e0000000,0x00000000e7f80000)
  from space 9728K, 99% used [0x00000000e8980000,0x00000000e92f9de0,0x00000000e9300000)
  to   space 10240K, 0% used [0x00000000e7f80000,0x00000000e7f80000,0x00000000e8980000)
 ParOldGen       total 45568K, used 22163K [0x00000000a0000000, 0x00000000a2c80000, 0x00000000e0000000)
  object space 45568K, 48% used [0x00000000a0000000,0x00000000a15a4da8,0x00000000a2c80000)
 Metaspace       used 34517K, capacity 35394K, committed 35416K, reserved 1079296K
  class space    used 4733K, capacity 4978K, committed 4992K, reserved 1048576K
Event: 19.078 GC heap after
Heap after GC invocations=10 (full 2):
 PSYoungGen      total 140288K, used 0K [0x00000000e0000000, 0x00000000e9400000, 0x0000000100000000)
  eden space 130560K, 0% used [0x00000000e0000000,0x00000000e0000000,0x00000000e7f80000)
  from space 9728K, 0% used [0x00000000e8980000,0x00000000e8980000,0x00000000e9300000)
  to   space 10240K, 0% used [0x00000000e7f80000,0x00000000e7f80000,0x00000000e8980000)
 ParOldGen       total 62976K, used 19770K [0x00000000a0000000, 0x00000000a3d80000, 0x00000000e0000000)
  object space 62976K, 31% used [0x00000000a0000000,0x00000000a134e860,0x00000000a3d80000)
 Metaspace       used 34513K, capacity 35382K, committed 35416K, reserved 1079296K
  class space    used 4732K, capacity 4976K, committed 4992K, reserved 1048576K
}
Event: 22.922 GC heap before
{Heap before GC invocations=11 (full 2):
 PSYoungGen      total 140288K, used 130560K [0x00000000e0000000, 0x00000000e9400000, 0x0000000100000000)
  eden space 130560K, 100% used [0x00000000e0000000,0x00000000e7f80000,0x00000000e7f80000)
  from space 9728K, 0% used [0x00000000e8980000,0x00000000e8980000,0x00000000e9300000)
  to   space 10240K, 0% used [0x00000000e7f80000,0x00000000e7f80000,0x00000000e8980000)
 ParOldGen       total 62976K, used 19770K [0x00000000a0000000, 0x00000000a3d80000, 0x00000000e0000000)
  object space 62976K, 31% used [0x00000000a0000000,0x00000000a134e860,0x00000000a3d80000)
 Metaspace       used 45615K, capacity 46752K, committed 46936K, reserved 1089536K
  class space    used 6115K, capacity 6421K, committed 6528K, reserved 1048576K
Event: 22.955 GC heap after
Heap after GC invocations=11 (full 2):
 PSYoungGen      total 140800K, used 10224K [0x00000000e0000000, 0x00000000e9400000, 0x0000000100000000)
  eden space 130560K, 0% used [0x00000000e0000000,0x00000000e0000000,0x00000000e7f80000)
  from space 10240K, 99% used [0x00000000e7f80000,0x00000000e897c238,0x00000000e8980000)
  to   space 9728K, 0% used [0x00000000e8980000,0x00000000e8980000,0x00000000e9300000)
 ParOldGen       total 62976K, used 25441K [0x00000000a0000000, 0x00000000a3d80000, 0x00000000e0000000)
  object space 62976K, 40% used [0x00000000a0000000,0x00000000a18d8798,0x00000000a3d80000)
 Metaspace       used 45615K, capacity 46752K, committed 46936K, reserved 1089536K
  class space    used 6115K, capacity 6421K, committed 6528K, reserved 1048576K
}

