# JRE version: OpenJDK Runtime Environment (8.0_242-b01) (build 1.8.0_242-release-1644-b01)
# Java VM: OpenJDK 64-Bit Server VM (25.242-b01 mixed mode windows-amd64 compressed oops)
Heap:
 PSYoungGen      total 75776K, used 26246K [0x00000000e0000000, 0x00000000e5080000, 0x0000000100000000)
  eden space 69120K, 31% used [0x00000000e0000000,0x00000000e1533cb0,0x00000000e4380000)
  from space 6656K, 68% used [0x00000000e4a00000,0x00000000e4e6dee0,0x00000000e5080000)
  to   space 6656K, 0% used [0x00000000e4380000,0x00000000e4380000,0x00000000e4a00000)
 ParOldGen       total 33792K, used 13519K [0x00000000a0000000, 0x00000000a2100000, 0x00000000e0000000)
  object space 33792K, 40% used [0x00000000a0000000,0x00000000a0d33f88,0x00000000a2100000)
 Metaspace       used 31052K, capacity 31566K, committed 31872K, reserved 1077248K
  class space    used 4236K, capacity 4381K, committed 4480K, reserved 1048576K
GC Heap History (10 events):
Event: 16.279 GC heap before
{Heap before GC invocations=9 (full 0):
 PSYoungGen      total 36352K, used 34954K [0x00000000e0000000, 0x00000000e2900000, 0x0000000100000000)
  eden space 31744K, 100% used [0x00000000e0000000,0x00000000e1f00000,0x00000000e1f00000)
  from space 4608K, 69% used [0x00000000e2480000,0x00000000e27a28a0,0x00000000e2900000)
  to   space 5120K, 0% used [0x00000000e1f00000,0x00000000e1f00000,0x00000000e2400000)
 ParOldGen       total 44032K, used 4753K [0x00000000a0000000, 0x00000000a2b00000, 0x00000000e0000000)
  object space 44032K, 10% used [0x00000000a0000000,0x00000000a04a4658,0x00000000a2b00000)
 Metaspace       used 17247K, capacity 17606K, committed 18048K, reserved 1064960K
  class space    used 2459K, capacity 2597K, committed 2688K, reserved 1048576K
Event: 16.294 GC heap after
Heap after GC invocations=9 (full 0):
 PSYoungGen      total 36864K, used 4610K [0x00000000e0000000, 0x00000000e3d00000, 0x0000000100000000)
  eden space 31744K, 0% used [0x00000000e0000000,0x00000000e0000000,0x00000000e1f00000)
  from space 5120K, 90% used [0x00000000e1f00000,0x00000000e2380978,0x00000000e2400000)
  to   space 5632K, 0% used [0x00000000e3780000,0x00000000e3780000,0x00000000e3d00000)
 ParOldGen       total 44032K, used 5894K [0x00000000a0000000, 0x00000000a2b00000, 0x00000000e0000000)
  object space 44032K, 13% used [0x00000000a0000000,0x00000000a05c1a38,0x00000000a2b00000)
 Metaspace       used 17247K, capacity 17606K, committed 18048K, reserved 1064960K
  class space    used 2459K, capacity 2597K, committed 2688K, reserved 1048576K
}
Event: 17.621 GC heap before
{Heap before GC invocations=10 (full 0):
 PSYoungGen      total 36864K, used 32924K [0x00000000e0000000, 0x00000000e3d00000, 0x0000000100000000)
  eden space 31744K, 89% used [0x00000000e0000000,0x00000000e1ba6868,0x00000000e1f00000)
  from space 5120K, 90% used [0x00000000e1f00000,0x00000000e2380978,0x00000000e2400000)
  to   space 5632K, 0% used [0x00000000e3780000,0x00000000e3780000,0x00000000e3d00000)
 ParOldGen       total 44032K, used 5894K [0x00000000a0000000, 0x00000000a2b00000, 0x00000000e0000000)
  object space 44032K, 13% used [0x00000000a0000000,0x00000000a05c1a38,0x00000000a2b00000)
 Metaspace       used 20699K, capacity 21014K, committed 21248K, reserved 1067008K
  class space    used 2911K, capacity 3049K, committed 3072K, reserved 1048576K
Event: 17.648 GC heap after
Heap after GC invocations=10 (full 0):
 PSYoungGen      total 56320K, used 5184K [0x00000000e0000000, 0x00000000e3e00000, 0x0000000100000000)
  eden space 50688K, 0% used [0x00000000e0000000,0x00000000e0000000,0x00000000e3180000)
  from space 5632K, 92% used [0x00000000e3780000,0x00000000e3c900f0,0x00000000e3d00000)
  to   space 6144K, 0% used [0x00000000e3180000,0x00000000e3180000,0x00000000e3780000)
 ParOldGen       total 44032K, used 6701K [0x00000000a0000000, 0x00000000a2b00000, 0x00000000e0000000)
  object space 44032K, 15% used [0x00000000a0000000,0x00000000a068b758,0x00000000a2b00000)
 Metaspace       used 20699K, capacity 21014K, committed 21248K, reserved 1067008K
  class space    used 2911K, capacity 3049K, committed 3072K, reserved 1048576K
}
Event: 17.648 GC heap before
{Heap before GC invocations=11 (full 1):
 PSYoungGen      total 56320K, used 5184K [0x00000000e0000000, 0x00000000e3e00000, 0x0000000100000000)
  eden space 50688K, 0% used [0x00000000e0000000,0x00000000e0000000,0x00000000e3180000)
  from space 5632K, 92% used [0x00000000e3780000,0x00000000e3c900f0,0x00000000e3d00000)
  to   space 6144K, 0% used [0x00000000e3180000,0x00000000e3180000,0x00000000e3780000)
 ParOldGen       total 44032K, used 6701K [0x00000000a0000000, 0x00000000a2b00000, 0x00000000e0000000)
  object space 44032K, 15% used [0x00000000a0000000,0x00000000a068b758,0x00000000a2b00000)
 Metaspace       used 20699K, capacity 21014K, committed 21248K, reserved 1067008K
  class space    used 2911K, capacity 3049K, committed 3072K, reserved 1048576K
Event: 17.789 GC heap after
Heap after GC invocations=11 (full 1):
 PSYoungGen      total 56320K, used 0K [0x00000000e0000000, 0x00000000e3e00000, 0x0000000100000000)
  eden space 50688K, 0% used [0x00000000e0000000,0x00000000e0000000,0x00000000e3180000)
  from space 5632K, 0% used [0x00000000e3780000,0x00000000e3780000,0x00000000e3d00000)
  to   space 6144K, 0% used [0x00000000e3180000,0x00000000e3180000,0x00000000e3780000)
 ParOldGen       total 33792K, used 9500K [0x00000000a0000000, 0x00000000a2100000, 0x00000000e0000000)
  object space 33792K, 28% used [0x00000000a0000000,0x00000000a0947148,0x00000000a2100000)
 Metaspace       used 20699K, capacity 21014K, committed 21248K, reserved 1067008K
  class space    used 2911K, capacity 3049K, committed 3072K, reserved 1048576K
}
Event: 22.847 GC heap before
{Heap before GC invocations=12 (full 1):
 PSYoungGen      total 56320K, used 50688K [0x00000000e0000000, 0x00000000e3e00000, 0x0000000100000000)
  eden space 50688K, 100% used [0x00000000e0000000,0x00000000e3180000,0x00000000e3180000)
  from space 5632K, 0% used [0x00000000e3780000,0x00000000e3780000,0x00000000e3d00000)
  to   space 6144K, 0% used [0x00000000e3180000,0x00000000e3180000,0x00000000e3780000)
 ParOldGen       total 33792K, used 9500K [0x00000000a0000000, 0x00000000a2100000, 0x00000000e0000000)
  object space 33792K, 28% used [0x00000000a0000000,0x00000000a0947148,0x00000000a2100000)
 Metaspace       used 26745K, capacity 27244K, committed 27648K, reserved 1073152K
  class space    used 3597K, capacity 3757K, committed 3840K, reserved 1048576K
Event: 22.859 GC heap after
Heap after GC invocations=12 (full 1):
 PSYoungGen      total 56832K, used 6128K [0x00000000e0000000, 0x00000000e5080000, 0x0000000100000000)
  eden space 50688K, 0% used [0x00000000e0000000,0x00000000e0000000,0x00000000e3180000)
  from space 6144K, 99% used [0x00000000e3180000,0x00000000e377c1a0,0x00000000e3780000)
  to   space 6656K, 0% used [0x00000000e4a00000,0x00000000e4a00000,0x00000000e5080000)
 ParOldGen       total 33792K, used 9887K [0x00000000a0000000, 0x00000000a2100000, 0x00000000e0000000)
  object space 33792K, 29% used [0x00000000a0000000,0x00000000a09a7f58,0x00000000a2100000)
 Metaspace       used 26745K, capacity 27244K, committed 27648K, reserved 1073152K
  class space    used 3597K, capacity 3757K, committed 3840K, reserved 1048576K
}
Event: 24.591 GC heap before
{Heap before GC invocations=13 (full 1):
 PSYoungGen      total 56832K, used 56816K [0x00000000e0000000, 0x00000000e5080000, 0x0000000100000000)
  eden space 50688K, 100% used [0x00000000e0000000,0x00000000e3180000,0x00000000e3180000)
  from space 6144K, 99% used [0x00000000e3180000,0x00000000e377c1a0,0x00000000e3780000)
  to   space 6656K, 0% used [0x00000000e4a00000,0x00000000e4a00000,0x00000000e5080000)
 ParOldGen       total 33792K, used 9887K [0x00000000a0000000, 0x00000000a2100000, 0x00000000e0000000)
  object space 33792K, 29% used [0x00000000a0000000,0x00000000a09a7f58,0x00000000a2100000)
 Metaspace       used 29903K, capacity 30382K, committed 30592K, reserved 1075200K
  class space    used 4048K, capacity 4221K, committed 4224K, reserved 1048576K
Event: 24.613 GC heap after
Heap after GC invocations=13 (full 1):
 PSYoungGen      total 75776K, used 4535K [0x00000000e0000000, 0x00000000e5080000, 0x0000000100000000)
  eden space 69120K, 0% used [0x00000000e0000000,0x00000000e0000000,0x00000000e4380000)
  from space 6656K, 68% used [0x00000000e4a00000,0x00000000e4e6dee0,0x00000000e5080000)
  to   space 6656K, 0% used [0x00000000e4380000,0x00000000e4380000,0x00000000e4a00000)
 ParOldGen       total 33792K, used 13519K [0x00000000a0000000, 0x00000000a2100000, 0x00000000e0000000)
  object space 33792K, 40% used [0x00000000a0000000,0x00000000a0d33f88,0x00000000a2100000)
 Metaspace       used 29903K, capacity 30382K, committed 30592K, reserved 1075200K
  class space    used 4048K, capacity 4221K, committed 4224K, reserved 1048576K
}

