# JRE version: OpenJDK Runtime Environment (8.0_242-b01) (build 1.8.0_242-release-1644-b01)
# Java VM: OpenJDK 64-Bit Server VM (25.242-b01 mixed mode windows-amd64 compressed oops)
Heap:
 PSYoungGen      total 110080K, used 49146K [0x00000000e0000000, 0x00000000e9500000, 0x0000000100000000)
  eden space 102912K, 40% used [0x00000000e0000000,0x00000000e2905c20,0x00000000e6480000)
  from space 7168K, 99% used [0x00000000e6480000,0x00000000e6b78c28,0x00000000e6b80000)
  to   space 10240K, 0% used [0x00000000e8b00000,0x00000000e8b00000,0x00000000e9500000)
 ParOldGen       total 53248K, used 23301K [0x00000000a0000000, 0x00000000a3400000, 0x00000000e0000000)
  object space 53248K, 43% used [0x00000000a0000000,0x00000000a16c14b8,0x00000000a3400000)
 Metaspace       used 45897K, capacity 47168K, committed 47320K, reserved 1089536K
  class space    used 6174K, capacity 6561K, committed 6656K, reserved 1048576K
GC Heap History (10 events):
Event: 21.640 GC heap before
{Heap before GC invocations=13 (full 1):
 PSYoungGen      total 57856K, used 57851K [0x00000000e0000000, 0x00000000e5500000, 0x0000000100000000)
  eden space 51712K, 100% used [0x00000000e0000000,0x00000000e3280000,0x00000000e3280000)
  from space 6144K, 99% used [0x00000000e3280000,0x00000000e387ef70,0x00000000e3880000)
  to   space 7168K, 0% used [0x00000000e4e00000,0x00000000e4e00000,0x00000000e5500000)
 ParOldGen       total 32256K, used 8680K [0x00000000a0000000, 0x00000000a1f80000, 0x00000000e0000000)
  object space 32256K, 26% used [0x00000000a0000000,0x00000000a087a1b0,0x00000000a1f80000)
 Metaspace       used 29934K, capacity 30510K, committed 30848K, reserved 1075200K
  class space    used 4050K, capacity 4221K, committed 4224K, reserved 1048576K
Event: 21.661 GC heap after
Heap after GC invocations=13 (full 1):
 PSYoungGen      total 78848K, used 4500K [0x00000000e0000000, 0x00000000e5480000, 0x0000000100000000)
  eden space 72192K, 0% used [0x00000000e0000000,0x00000000e0000000,0x00000000e4680000)
  from space 6656K, 67% used [0x00000000e4e00000,0x00000000e5265130,0x00000000e5480000)
  to   space 7168K, 0% used [0x00000000e4680000,0x00000000e4680000,0x00000000e4d80000)
 ParOldGen       total 32256K, used 12316K [0x00000000a0000000, 0x00000000a1f80000, 0x00000000e0000000)
  object space 32256K, 38% used [0x00000000a0000000,0x00000000a0c071d0,0x00000000a1f80000)
 Metaspace       used 29934K, capacity 30510K, committed 30848K, reserved 1075200K
  class space    used 4050K, capacity 4221K, committed 4224K, reserved 1048576K
}
Event: 25.745 GC heap before
{Heap before GC invocations=14 (full 1):
 PSYoungGen      total 78848K, used 76692K [0x00000000e0000000, 0x00000000e5480000, 0x0000000100000000)
  eden space 72192K, 100% used [0x00000000e0000000,0x00000000e4680000,0x00000000e4680000)
  from space 6656K, 67% used [0x00000000e4e00000,0x00000000e5265130,0x00000000e5480000)
  to   space 7168K, 0% used [0x00000000e4680000,0x00000000e4680000,0x00000000e4d80000)
 ParOldGen       total 32256K, used 12316K [0x00000000a0000000, 0x00000000a1f80000, 0x00000000e0000000)
  object space 32256K, 38% used [0x00000000a0000000,0x00000000a0c071d0,0x00000000a1f80000)
 Metaspace       used 33870K, capacity 34498K, committed 34560K, reserved 1079296K
  class space    used 4636K, capacity 4837K, committed 4864K, reserved 1048576K
Event: 25.840 GC heap after
Heap after GC invocations=14 (full 1):
 PSYoungGen      total 79360K, used 5825K [0x00000000e0000000, 0x00000000e7280000, 0x0000000100000000)
  eden space 72192K, 0% used [0x00000000e0000000,0x00000000e0000000,0x00000000e4680000)
  from space 7168K, 81% used [0x00000000e4680000,0x00000000e4c30520,0x00000000e4d80000)
  to   space 7168K, 0% used [0x00000000e6b80000,0x00000000e6b80000,0x00000000e7280000)
 ParOldGen       total 32256K, used 14305K [0x00000000a0000000, 0x00000000a1f80000, 0x00000000e0000000)
  object space 32256K, 44% used [0x00000000a0000000,0x00000000a0df8618,0x00000000a1f80000)
 Metaspace       used 33870K, capacity 34498K, committed 34560K, reserved 1079296K
  class space    used 4636K, capacity 4837K, committed 4864K, reserved 1048576K
}
Event: 27.557 GC heap before
{Heap before GC invocations=15 (full 1):
 PSYoungGen      total 79360K, used 30095K [0x00000000e0000000, 0x00000000e7280000, 0x0000000100000000)
  eden space 72192K, 33% used [0x00000000e0000000,0x00000000e17b3900,0x00000000e4680000)
  from space 7168K, 81% used [0x00000000e4680000,0x00000000e4c30520,0x00000000e4d80000)
  to   space 7168K, 0% used [0x00000000e6b80000,0x00000000e6b80000,0x00000000e7280000)
 ParOldGen       total 32256K, used 14305K [0x00000000a0000000, 0x00000000a1f80000, 0x00000000e0000000)
  object space 32256K, 44% used [0x00000000a0000000,0x00000000a0df8618,0x00000000a1f80000)
 Metaspace       used 34547K, capacity 35382K, committed 35416K, reserved 1079296K
  class space    used 4736K, capacity 4976K, committed 4992K, reserved 1048576K
Event: 27.586 GC heap after
Heap after GC invocations=15 (full 1):
 PSYoungGen      total 110080K, used 3572K [0x00000000e0000000, 0x00000000e7280000, 0x0000000100000000)
  eden space 102912K, 0% used [0x00000000e0000000,0x00000000e0000000,0x00000000e6480000)
  from space 7168K, 49% used [0x00000000e6b80000,0x00000000e6efd088,0x00000000e7280000)
  to   space 7168K, 0% used [0x00000000e6480000,0x00000000e6480000,0x00000000e6b80000)
 ParOldGen       total 32256K, used 15850K [0x00000000a0000000, 0x00000000a1f80000, 0x00000000e0000000)
  object space 32256K, 49% used [0x00000000a0000000,0x00000000a0f7aa48,0x00000000a1f80000)
 Metaspace       used 34547K, capacity 35382K, committed 35416K, reserved 1079296K
  class space    used 4736K, capacity 4976K, committed 4992K, reserved 1048576K
}
Event: 27.586 GC heap before
{Heap before GC invocations=16 (full 2):
 PSYoungGen      total 110080K, used 3572K [0x00000000e0000000, 0x00000000e7280000, 0x0000000100000000)
  eden space 102912K, 0% used [0x00000000e0000000,0x00000000e0000000,0x00000000e6480000)
  from space 7168K, 49% used [0x00000000e6b80000,0x00000000e6efd088,0x00000000e7280000)
  to   space 7168K, 0% used [0x00000000e6480000,0x00000000e6480000,0x00000000e6b80000)
 ParOldGen       total 32256K, used 15850K [0x00000000a0000000, 0x00000000a1f80000, 0x00000000e0000000)
  object space 32256K, 49% used [0x00000000a0000000,0x00000000a0f7aa48,0x00000000a1f80000)
 Metaspace       used 34547K, capacity 35382K, committed 35416K, reserved 1079296K
  class space    used 4736K, capacity 4976K, committed 4992K, reserved 1048576K
Event: 27.846 GC heap after
Heap after GC invocations=16 (full 2):
 PSYoungGen      total 110080K, used 0K [0x00000000e0000000, 0x00000000e7280000, 0x0000000100000000)
  eden space 102912K, 0% used [0x00000000e0000000,0x00000000e0000000,0x00000000e6480000)
  from space 7168K, 0% used [0x00000000e6b80000,0x00000000e6b80000,0x00000000e7280000)
  to   space 7168K, 0% used [0x00000000e6480000,0x00000000e6480000,0x00000000e6b80000)
 ParOldGen       total 53248K, used 17452K [0x00000000a0000000, 0x00000000a3400000, 0x00000000e0000000)
  object space 53248K, 32% used [0x00000000a0000000,0x00000000a110b078,0x00000000a3400000)
 Metaspace       used 34547K, capacity 35382K, committed 35416K, reserved 1079296K
  class space    used 4736K, capacity 4976K, committed 4992K, reserved 1048576K
}
Event: 33.923 GC heap before
{Heap before GC invocations=17 (full 2):
 PSYoungGen      total 110080K, used 102912K [0x00000000e0000000, 0x00000000e7280000, 0x0000000100000000)
  eden space 102912K, 100% used [0x00000000e0000000,0x00000000e6480000,0x00000000e6480000)
  from space 7168K, 0% used [0x00000000e6b80000,0x00000000e6b80000,0x00000000e7280000)
  to   space 7168K, 0% used [0x00000000e6480000,0x00000000e6480000,0x00000000e6b80000)
 ParOldGen       total 53248K, used 17452K [0x00000000a0000000, 0x00000000a3400000, 0x00000000e0000000)
  object space 53248K, 32% used [0x00000000a0000000,0x00000000a110b078,0x00000000a3400000)
 Metaspace       used 45054K, capacity 46122K, committed 46296K, reserved 1089536K
  class space    used 6015K, capacity 6318K, committed 6400K, reserved 1048576K
Event: 33.947 GC heap after
Heap after GC invocations=17 (full 2):
 PSYoungGen      total 110080K, used 7139K [0x00000000e0000000, 0x00000000e9500000, 0x0000000100000000)
  eden space 102912K, 0% used [0x00000000e0000000,0x00000000e0000000,0x00000000e6480000)
  from space 7168K, 99% used [0x00000000e6480000,0x00000000e6b78c28,0x00000000e6b80000)
  to   space 10240K, 0% used [0x00000000e8b00000,0x00000000e8b00000,0x00000000e9500000)
 ParOldGen       total 53248K, used 23301K [0x00000000a0000000, 0x00000000a3400000, 0x00000000e0000000)
  object space 53248K, 43% used [0x00000000a0000000,0x00000000a16c14b8,0x00000000a3400000)
 Metaspace       used 45054K, capacity 46122K, committed 46296K, reserved 1089536K
  class space    used 6015K, capacity 6318K, committed 6400K, reserved 1048576K
}

